# JRE version: Java(TM) SE Runtime Environment (9.0+11) (build 9.0.4+11)
# Java VM: Java HotSpot(TM) 64-Bit Server VM (9.0.4+11, mixed mode, tiered, compressed oops, g1 gc, windows-amd64)
Heap:
 garbage-first heap   total 129024K, used 47943K [0x0000000082400000, 0x00000000825003f0, 0x0000000100000000)
  region size 1024K, 45 young (46080K), 1 survivors (1024K)
 Metaspace       used 7769K, capacity 7857K, committed 7936K, reserved 1056768K
  class space    used 679K, capacity 704K, committed 768K, reserved 1048576K
GC Heap History (10 events):
Event: 280.032 GC heap before
{Heap before GC invocations=29 (full 0):
 garbage-first heap   total 129024K, used 79719K [0x0000000082400000, 0x00000000825003f0, 0x0000000100000000)
  region size 1024K, 75 young (76800K), 1 survivors (1024K)
 Metaspace       used 7769K, capacity 7857K, committed 7936K, reserved 1056768K
  class space    used 679K, capacity 704K, committed 768K, reserved 1048576K
}
Event: 280.060 GC heap after
{Heap after GC invocations=30 (full 0):
 garbage-first heap   total 129024K, used 3943K [0x0000000082400000, 0x00000000825003f0, 0x0000000100000000)
  region size 1024K, 1 young (1024K), 1 survivors (1024K)
 Metaspace       used 7769K, capacity 7857K, committed 7936K, reserved 1056768K
  class space    used 679K, capacity 704K, committed 768K, reserved 1048576K
}
Event: 293.349 GC heap before
{Heap before GC invocations=30 (full 0):
 garbage-first heap   total 129024K, used 79719K [0x0000000082400000, 0x00000000825003f0, 0x0000000100000000)
  region size 1024K, 75 young (76800K), 1 survivors (1024K)
 Metaspace       used 7769K, capacity 7857K, committed 7936K, reserved 1056768K
  class space    used 679K, capacity 704K, committed 768K, reserved 1048576K
}
Event: 293.377 GC heap after
{Heap after GC invocations=31 (full 0):
 garbage-first heap   total 129024K, used 3911K [0x0000000082400000, 0x00000000825003f0, 0x0000000100000000)
  region size 1024K, 1 young (1024K), 1 survivors (1024K)
 Metaspace       used 7769K, capacity 7857K, committed 7936K, reserved 1056768K
  class space    used 679K, capacity 704K, committed 768K, reserved 1048576K
}
Event: 301.025 GC heap before
{Heap before GC invocations=31 (full 0):
 garbage-first heap   total 129024K, used 79687K [0x0000000082400000, 0x00000000825003f0, 0x0000000100000000)
  region size 1024K, 75 young (76800K), 1 survivors (1024K)
 Metaspace       used 7769K, capacity 7857K, committed 7936K, reserved 1056768K
  class space    used 679K, capacity 704K, committed 768K, reserved 1048576K
}
Event: 301.051 GC heap after
{Heap after GC invocations=32 (full 0):
 garbage-first heap   total 129024K, used 3866K [0x0000000082400000, 0x00000000825003f0, 0x0000000100000000)
  region size 1024K, 1 young (1024K), 1 survivors (1024K)
 Metaspace       used 7769K, capacity 7857K, committed 7936K, reserved 1056768K
  class space    used 679K, capacity 704K, committed 768K, reserved 1048576K
}
Event: 308.667 GC heap before
{Heap before GC invocations=32 (full 0):
 garbage-first heap   total 129024K, used 79642K [0x0000000082400000, 0x00000000825003f0, 0x0000000100000000)
  region size 1024K, 75 young (76800K), 1 survivors (1024K)
 Metaspace       used 7769K, capacity 7857K, committed 7936K, reserved 1056768K
  class space    used 679K, capacity 704K, committed 768K, reserved 1048576K
}
Event: 308.695 GC heap after
{Heap after GC invocations=33 (full 0):
 garbage-first heap   total 129024K, used 3911K [0x0000000082400000, 0x00000000825003f0, 0x0000000100000000)
  region size 1024K, 1 young (1024K), 1 survivors (1024K)
 Metaspace       used 7769K, capacity 7857K, committed 7936K, reserved 1056768K
  class space    used 679K, capacity 704K, committed 768K, reserved 1048576K
}
Event: 317.199 GC heap before
{Heap before GC invocations=33 (full 0):
 garbage-first heap   total 129024K, used 79687K [0x0000000082400000, 0x00000000825003f0, 0x0000000100000000)
  region size 1024K, 75 young (76800K), 1 survivors (1024K)
 Metaspace       used 7769K, capacity 7857K, committed 7936K, reserved 1056768K
  class space    used 679K, capacity 704K, committed 768K, reserved 1048576K
}
Event: 317.203 GC heap after
{Heap after GC invocations=34 (full 0):
 garbage-first heap   total 129024K, used 3911K [0x0000000082400000, 0x00000000825003f0, 0x0000000100000000)
  region size 1024K, 1 young (1024K), 1 survivors (1024K)
 Metaspace       used 7769K, capacity 7857K, committed 7936K, reserved 1056768K
  class space    used 679K, capacity 704K, committed 768K, reserved 1048576K
}

