# JRE version: Java(TM) SE Runtime Environment (8.0_231-b11) (build 1.8.0_231-b11)
# Java VM: Java HotSpot(TM) 64-Bit Server VM (25.231-b11 mixed mode windows-amd64 compressed oops)
Heap:
 PSYoungGen      total 24576K, used 2053K [0x00000000d6180000, 0x00000000d7a80000, 0x0000000100000000)
  eden space 24064K, 8% used [0x00000000d6180000,0x00000000d6361480,0x00000000d7900000)
  from space 512K, 25% used [0x00000000d7a00000,0x00000000d7a20000,0x00000000d7a80000)
  to   space 512K, 0% used [0x00000000d7980000,0x00000000d7980000,0x00000000d7a00000)
 ParOldGen       total 86016K, used 1850K [0x0000000082400000, 0x0000000087800000, 0x00000000d6180000)
  object space 86016K, 2% used [0x0000000082400000,0x00000000825ce8f0,0x0000000087800000)
 Metaspace       used 5437K, capacity 5975K, committed 6272K, reserved 1056768K
  class space    used 509K, capacity 560K, committed 640K, reserved 1048576K
GC Heap History (10 events):
Event: 251.121 GC heap before
{Heap before GC invocations=234 (full 0):
 PSYoungGen      total 24576K, used 24224K [0x00000000d6180000, 0x00000000d7a80000, 0x0000000100000000)
  eden space 24064K, 100% used [0x00000000d6180000,0x00000000d7900000,0x00000000d7900000)
  from space 512K, 31% used [0x00000000d7980000,0x00000000d79a8000,0x00000000d7a00000)
  to   space 512K, 0% used [0x00000000d7a00000,0x00000000d7a00000,0x00000000d7a80000)
 ParOldGen       total 86016K, used 1834K [0x0000000082400000, 0x0000000087800000, 0x00000000d6180000)
  object space 86016K, 2% used [0x0000000082400000,0x00000000825ca8f0,0x0000000087800000)
 Metaspace       used 5434K, capacity 5975K, committed 6272K, reserved 1056768K
  class space    used 509K, capacity 560K, committed 640K, reserved 1048576K
Event: 251.121 GC heap after
Heap after GC invocations=234 (full 0):
 PSYoungGen      total 24576K, used 160K [0x00000000d6180000, 0x00000000d7a80000, 0x0000000100000000)
  eden space 24064K, 0% used [0x00000000d6180000,0x00000000d6180000,0x00000000d7900000)
  from space 512K, 31% used [0x00000000d7a00000,0x00000000d7a28000,0x00000000d7a80000)
  to   space 512K, 0% used [0x00000000d7980000,0x00000000d7980000,0x00000000d7a00000)
 ParOldGen       total 86016K, used 1834K [0x0000000082400000, 0x0000000087800000, 0x00000000d6180000)
  object space 86016K, 2% used [0x0000000082400000,0x00000000825ca8f0,0x0000000087800000)
 Metaspace       used 5434K, capacity 5975K, committed 6272K, reserved 1056768K
  class space    used 509K, capacity 560K, committed 640K, reserved 1048576K
}
Event: 253.092 GC heap before
{Heap before GC invocations=235 (full 0):
 PSYoungGen      total 24576K, used 24224K [0x00000000d6180000, 0x00000000d7a80000, 0x0000000100000000)
  eden space 24064K, 100% used [0x00000000d6180000,0x00000000d7900000,0x00000000d7900000)
  from space 512K, 31% used [0x00000000d7a00000,0x00000000d7a28000,0x00000000d7a80000)
  to   space 512K, 0% used [0x00000000d7980000,0x00000000d7980000,0x00000000d7a00000)
 ParOldGen       total 86016K, used 1834K [0x0000000082400000, 0x0000000087800000, 0x00000000d6180000)
  object space 86016K, 2% used [0x0000000082400000,0x00000000825ca8f0,0x0000000087800000)
 Metaspace       used 5436K, capacity 5975K, committed 6272K, reserved 1056768K
  class space    used 509K, capacity 560K, committed 640K, reserved 1048576K
Event: 253.093 GC heap after
Heap after GC invocations=235 (full 0):
 PSYoungGen      total 24576K, used 192K [0x00000000d6180000, 0x00000000d7a80000, 0x0000000100000000)
  eden space 24064K, 0% used [0x00000000d6180000,0x00000000d6180000,0x00000000d7900000)
  from space 512K, 37% used [0x00000000d7980000,0x00000000d79b0000,0x00000000d7a00000)
  to   space 512K, 0% used [0x00000000d7a00000,0x00000000d7a00000,0x00000000d7a80000)
 ParOldGen       total 86016K, used 1834K [0x0000000082400000, 0x0000000087800000, 0x00000000d6180000)
  object space 86016K, 2% used [0x0000000082400000,0x00000000825ca8f0,0x0000000087800000)
 Metaspace       used 5436K, capacity 5975K, committed 6272K, reserved 1056768K
  class space    used 509K, capacity 560K, committed 640K, reserved 1048576K
}
Event: 254.954 GC heap before
{Heap before GC invocations=236 (full 0):
 PSYoungGen      total 24576K, used 24256K [0x00000000d6180000, 0x00000000d7a80000, 0x0000000100000000)
  eden space 24064K, 100% used [0x00000000d6180000,0x00000000d7900000,0x00000000d7900000)
  from space 512K, 37% used [0x00000000d7980000,0x00000000d79b0000,0x00000000d7a00000)
  to   space 512K, 0% used [0x00000000d7a00000,0x00000000d7a00000,0x00000000d7a80000)
 ParOldGen       total 86016K, used 1834K [0x0000000082400000, 0x0000000087800000, 0x00000000d6180000)
  object space 86016K, 2% used [0x0000000082400000,0x00000000825ca8f0,0x0000000087800000)
 Metaspace       used 5436K, capacity 5975K, committed 6272K, reserved 1056768K
  class space    used 509K, capacity 560K, committed 640K, reserved 1048576K
Event: 254.954 GC heap after
Heap after GC invocations=236 (full 0):
 PSYoungGen      total 24576K, used 160K [0x00000000d6180000, 0x00000000d7a80000, 0x0000000100000000)
  eden space 24064K, 0% used [0x00000000d6180000,0x00000000d6180000,0x00000000d7900000)
  from space 512K, 31% used [0x00000000d7a00000,0x00000000d7a28000,0x00000000d7a80000)
  to   space 512K, 0% used [0x00000000d7980000,0x00000000d7980000,0x00000000d7a00000)
 ParOldGen       total 86016K, used 1850K [0x0000000082400000, 0x0000000087800000, 0x00000000d6180000)
  object space 86016K, 2% used [0x0000000082400000,0x00000000825ce8f0,0x0000000087800000)
 Metaspace       used 5436K, capacity 5975K, committed 6272K, reserved 1056768K
  class space    used 509K, capacity 560K, committed 640K, reserved 1048576K
}
Event: 257.228 GC heap before
{Heap before GC invocations=237 (full 0):
 PSYoungGen      total 24576K, used 24224K [0x00000000d6180000, 0x00000000d7a80000, 0x0000000100000000)
  eden space 24064K, 100% used [0x00000000d6180000,0x00000000d7900000,0x00000000d7900000)
  from space 512K, 31% used [0x00000000d7a00000,0x00000000d7a28000,0x00000000d7a80000)
  to   space 512K, 0% used [0x00000000d7980000,0x00000000d7980000,0x00000000d7a00000)
 ParOldGen       total 86016K, used 1850K [0x0000000082400000, 0x0000000087800000, 0x00000000d6180000)
  object space 86016K, 2% used [0x0000000082400000,0x00000000825ce8f0,0x0000000087800000)
 Metaspace       used 5437K, capacity 5975K, committed 6272K, reserved 1056768K
  class space    used 509K, capacity 560K, committed 640K, reserved 1048576K
Event: 257.228 GC heap after
Heap after GC invocations=237 (full 0):
 PSYoungGen      total 24576K, used 160K [0x00000000d6180000, 0x00000000d7a80000, 0x0000000100000000)
  eden space 24064K, 0% used [0x00000000d6180000,0x00000000d6180000,0x00000000d7900000)
  from space 512K, 31% used [0x00000000d7980000,0x00000000d79a8000,0x00000000d7a00000)
  to   space 512K, 0% used [0x00000000d7a00000,0x00000000d7a00000,0x00000000d7a80000)
 ParOldGen       total 86016K, used 1850K [0x0000000082400000, 0x0000000087800000, 0x00000000d6180000)
  object space 86016K, 2% used [0x0000000082400000,0x00000000825ce8f0,0x0000000087800000)
 Metaspace       used 5437K, capacity 5975K, committed 6272K, reserved 1056768K
  class space    used 509K, capacity 560K, committed 640K, reserved 1048576K
}
Event: 260.620 GC heap before
{Heap before GC invocations=238 (full 0):
 PSYoungGen      total 24576K, used 24224K [0x00000000d6180000, 0x00000000d7a80000, 0x0000000100000000)
  eden space 24064K, 100% used [0x00000000d6180000,0x00000000d7900000,0x00000000d7900000)
  from space 512K, 31% used [0x00000000d7980000,0x00000000d79a8000,0x00000000d7a00000)
  to   space 512K, 0% used [0x00000000d7a00000,0x00000000d7a00000,0x00000000d7a80000)
 ParOldGen       total 86016K, used 1850K [0x0000000082400000, 0x0000000087800000, 0x00000000d6180000)
  object space 86016K, 2% used [0x0000000082400000,0x00000000825ce8f0,0x0000000087800000)
 Metaspace       used 5437K, capacity 5975K, committed 6272K, reserved 1056768K
  class space    used 509K, capacity 560K, committed 640K, reserved 1048576K
Event: 260.620 GC heap after
Heap after GC invocations=238 (full 0):
 PSYoungGen      total 24576K, used 128K [0x00000000d6180000, 0x00000000d7a80000, 0x0000000100000000)
  eden space 24064K, 0% used [0x00000000d6180000,0x00000000d6180000,0x00000000d7900000)
  from space 512K, 25% used [0x00000000d7a00000,0x00000000d7a20000,0x00000000d7a80000)
  to   space 512K, 0% used [0x00000000d7980000,0x00000000d7980000,0x00000000d7a00000)
 ParOldGen       total 86016K, used 1850K [0x0000000082400000, 0x0000000087800000, 0x00000000d6180000)
  object space 86016K, 2% used [0x0000000082400000,0x00000000825ce8f0,0x0000000087800000)
 Metaspace       used 5437K, capacity 5975K, committed 6272K, reserved 1056768K
  class space    used 509K, capacity 560K, committed 640K, reserved 1048576K
}

