# JRE version: Java(TM) SE Runtime Environment (9.0+11) (build 9.0.4+11)
# Java VM: Java HotSpot(TM) 64-Bit Server VM (9.0.4+11, mixed mode, tiered, compressed oops, g1 gc, windows-amd64)
Heap:
 garbage-first heap   total 129024K, used 74600K [0x0000000082400000, 0x00000000825003f0, 0x0000000100000000)
  region size 1024K, 71 young (72704K), 1 survivors (1024K)
 Metaspace       used 7734K, capacity 7857K, committed 7936K, reserved 1056768K
  class space    used 679K, capacity 704K, committed 768K, reserved 1048576K
GC Heap History (10 events):
Event: 173.183 GC heap before
{Heap before GC invocations=26 (full 0):
 garbage-first heap   total 129024K, used 79713K [0x0000000082400000, 0x00000000825003f0, 0x0000000100000000)
  region size 1024K, 75 young (76800K), 1 survivors (1024K)
 Metaspace       used 7734K, capacity 7857K, committed 7936K, reserved 1056768K
  class space    used 679K, capacity 704K, committed 768K, reserved 1048576K
}
Event: 173.187 GC heap after
{Heap after GC invocations=27 (full 0):
 garbage-first heap   total 129024K, used 3986K [0x0000000082400000, 0x00000000825003f0, 0x0000000100000000)
  region size 1024K, 1 young (1024K), 1 survivors (1024K)
 Metaspace       used 7734K, capacity 7857K, committed 7936K, reserved 1056768K
  class space    used 679K, capacity 704K, committed 768K, reserved 1048576K
}
Event: 187.562 GC heap before
{Heap before GC invocations=27 (full 0):
 garbage-first heap   total 129024K, used 79762K [0x0000000082400000, 0x00000000825003f0, 0x0000000100000000)
  region size 1024K, 75 young (76800K), 1 survivors (1024K)
 Metaspace       used 7734K, capacity 7857K, committed 7936K, reserved 1056768K
  class space    used 679K, capacity 704K, committed 768K, reserved 1048576K
}
Event: 187.620 GC heap after
{Heap after GC invocations=28 (full 0):
 garbage-first heap   total 129024K, used 3945K [0x0000000082400000, 0x00000000825003f0, 0x0000000100000000)
  region size 1024K, 1 young (1024K), 1 survivors (1024K)
 Metaspace       used 7734K, capacity 7857K, committed 7936K, reserved 1056768K
  class space    used 679K, capacity 704K, committed 768K, reserved 1048576K
}
Event: 194.355 GC heap before
{Heap before GC invocations=28 (full 0):
 garbage-first heap   total 129024K, used 79721K [0x0000000082400000, 0x00000000825003f0, 0x0000000100000000)
  region size 1024K, 75 young (76800K), 1 survivors (1024K)
 Metaspace       used 7734K, capacity 7857K, committed 7936K, reserved 1056768K
  class space    used 679K, capacity 704K, committed 768K, reserved 1048576K
}
Event: 194.360 GC heap after
{Heap after GC invocations=29 (full 0):
 garbage-first heap   total 129024K, used 3902K [0x0000000082400000, 0x00000000825003f0, 0x0000000100000000)
  region size 1024K, 1 young (1024K), 1 survivors (1024K)
 Metaspace       used 7734K, capacity 7857K, committed 7936K, reserved 1056768K
  class space    used 679K, capacity 704K, committed 768K, reserved 1048576K
}
Event: 200.080 GC heap before
{Heap before GC invocations=29 (full 0):
 garbage-first heap   total 129024K, used 79678K [0x0000000082400000, 0x00000000825003f0, 0x0000000100000000)
  region size 1024K, 75 young (76800K), 1 survivors (1024K)
 Metaspace       used 7734K, capacity 7857K, committed 7936K, reserved 1056768K
  class space    used 679K, capacity 704K, committed 768K, reserved 1048576K
}
Event: 200.084 GC heap after
{Heap after GC invocations=30 (full 0):
 garbage-first heap   total 129024K, used 3944K [0x0000000082400000, 0x00000000825003f0, 0x0000000100000000)
  region size 1024K, 1 young (1024K), 1 survivors (1024K)
 Metaspace       used 7734K, capacity 7857K, committed 7936K, reserved 1056768K
  class space    used 679K, capacity 704K, committed 768K, reserved 1048576K
}
Event: 207.522 GC heap before
{Heap before GC invocations=30 (full 0):
 garbage-first heap   total 129024K, used 79720K [0x0000000082400000, 0x00000000825003f0, 0x0000000100000000)
  region size 1024K, 75 young (76800K), 1 survivors (1024K)
 Metaspace       used 7734K, capacity 7857K, committed 7936K, reserved 1056768K
  class space    used 679K, capacity 704K, committed 768K, reserved 1048576K
}
Event: 207.526 GC heap after
{Heap after GC invocations=31 (full 0):
 garbage-first heap   total 129024K, used 3944K [0x0000000082400000, 0x00000000825003f0, 0x0000000100000000)
  region size 1024K, 1 young (1024K), 1 survivors (1024K)
 Metaspace       used 7734K, capacity 7857K, committed 7936K, reserved 1056768K
  class space    used 679K, capacity 704K, committed 768K, reserved 1048576K
}

